[2026-04-19T16:04:08.038803+00:00] ════════════════════════════════════════════════════════════
[2026-04-19T16:04:08.039495+00:00] autopilot: start
[2026-04-19T16:04:08.519413+00:00] [observers] commodity_prices: OK — Kept previous snapshot; marked status=failed
[2026-04-19T16:04:08.920968+00:00] [observers] gas_prices: OK — Both AAA and EIA failed; kept previous snapshot
[2026-04-19T16:04:08.998465+00:00] [detect]   • gas_prices_aaa: status seeded -> failed
[2026-04-19T16:04:08.999284+00:00] autopilot: no-op — no meaningful changes (affected=8)
[2026-04-20T01:50:07.388630+00:00] autopilot: render complete, ready to commit
[2026-04-29T04:58:22.301145+00:00] ════════════════════════════════════════════════════════════
[2026-04-29T04:58:22.301285+00:00] autopilot: start
[2026-04-29T04:58:23.010129+00:00] [observers] commodity_prices: OK — OK: fetched 10 commodity prices
[2026-04-29T04:58:26.483430+00:00] [observers] gas_prices: OK — OK: EIA regular=$4.123 diesel=$5.351
[2026-04-29T04:58:47.267543+00:00] [observers] headlines: OK — [fetch_headlines] ✓ cache updated (300 total stories, 0 failed topics)
[2026-04-29T04:58:47.376126+00:00] [cluster] [cluster_stories] ✓ clusters rebuilt across 10 topics
[2026-04-29T04:58:47.420659+00:00] [resolver] ════════════════════════════════════════════════════════════
[2026-04-29T04:58:47.450387+00:00] [detect]   • gas_prices_aaa: status unknown -> fresh
[2026-04-29T04:58:47.450633+00:00] [plan] 4 changes, 8 page(s) affected
[2026-04-29T04:58:47.488154+00:00] [render] [render_data_js] rendering: 4 price changes, 2 status flips
[2026-04-29T04:58:47.488234+00:00] [render] [render_data_js] live-data.js owns 43 commodities — skipping those
[2026-04-29T04:58:47.488294+00:00] [render]   COMMODITIES: 0 non-API-backed entries updated
[2026-04-29T04:58:47.488346+00:00] [render]   US_GAS_NATIONAL: updated
[2026-04-29T04:58:47.488394+00:00] [render] [render_data_js] ✓ js/data.js updated
[2026-04-29T04:59:15.050059+00:00] [validate] all checks pass
[2026-04-29T04:59:15.050153+00:00] autopilot: render complete, ready to commit
[2026-04-29T04:59:15.089047+00:00] [health] [write_health] status=degraded codes=[NIGHTLY_AUDIT_MISSING]
[2026-04-29T04:59:15.089129+00:00] ════════════════════════════════════════════════════════════
