[2026-04-19T16:02:25.905018+00:00] WARN: primary fetch failed: HTTP Error 403: Forbidden
[2026-04-19T16:02:25.905855+00:00] ERROR: no previous snapshot to preserve and API failed
[2026-04-19T16:04:08.504495+00:00] WARN: primary fetch failed: HTTP Error 403: Forbidden
[2026-04-19T16:04:08.506143+00:00] Kept previous snapshot; marked status=failed
[2026-04-26T20:52:49.198670+00:00] OK: fetched 10 commodity prices
[2026-04-26T21:48:40.122420+00:00] OK: fetched 10 commodity prices
[2026-04-26T22:49:43.842502+00:00] OK: fetched 10 commodity prices
[2026-04-26T23:49:33.985900+00:00] OK: fetched 10 commodity prices
[2026-04-27T03:46:44.369218+00:00] OK: fetched 10 commodity prices
[2026-04-27T06:35:04.542275+00:00] OK: fetched 10 commodity prices
[2026-04-27T09:10:18.556545+00:00] OK: fetched 10 commodity prices
[2026-04-27T11:19:35.283675+00:00] OK: fetched 10 commodity prices
[2026-04-27T13:06:40.380703+00:00] OK: fetched 10 commodity prices
[2026-04-27T15:21:04.701394+00:00] OK: fetched 10 commodity prices
[2026-04-27T17:09:08.766916+00:00] OK: fetched 10 commodity prices
[2026-04-27T18:42:08.123731+00:00] OK: fetched 10 commodity prices
[2026-04-27T20:00:51.381935+00:00] OK: fetched 10 commodity prices
[2026-04-27T21:18:02.797840+00:00] OK: fetched 10 commodity prices
[2026-04-27T22:27:35.854882+00:00] OK: fetched 10 commodity prices
[2026-04-27T23:30:45.184418+00:00] OK: fetched 10 commodity prices
[2026-04-28T01:23:18.478843+00:00] OK: fetched 10 commodity prices
[2026-04-28T05:00:43.271232+00:00] OK: fetched 10 commodity prices
[2026-04-28T07:41:31.232194+00:00] OK: fetched 10 commodity prices
[2026-04-28T10:01:27.482188+00:00] OK: fetched 10 commodity prices
[2026-04-28T12:03:04.689332+00:00] OK: fetched 10 commodity prices
[2026-04-28T16:30:13.082785+00:00] WARN: primary fetch failed: The read operation timed out
[2026-04-28T16:30:13.083215+00:00] Kept previous snapshot; marked status=failed
[2026-04-28T18:08:09.731166+00:00] OK: fetched 10 commodity prices
[2026-04-28T19:57:42.996495+00:00] OK: fetched 10 commodity prices
[2026-04-28T21:14:57.762830+00:00] OK: fetched 10 commodity prices
