[2026-04-20T00:39:43.019920+00:00] [fix_dangling_refs] Loaded 332 known articles
[2026-04-20T00:39:43.030386+00:00] [fix_dangling_refs] Found 62 dangling title(s)
[2026-04-20T00:39:43.068141+00:00]   CORRECT: 'Oil Futures vs Spot Prices: What\u0027s the Difference?' → 'Oil Futures vs Spot Prices: What's the Difference?' (sequence_ratio=0.93)
[2026-04-20T00:39:43.125915+00:00]   CORRECT: 'WTI vs Brent: What\u0027s the Difference and Why It Matters' → 'WTI vs Brent: What's the Difference and Why It Matters' (sequence_ratio=0.94)
[2026-04-20T00:39:43.169284+00:00]   CORRECT: 'What\u0027s the Oil Price Per Barrel Today? WTI & Brent Expl' → 'What's the Oil Price Per Barrel Today? WTI & Brent Explained' (sequence_ratio=0.94)
[2026-04-20T00:39:43.186863+00:00]   REMOVE: '1-9 day delay' (no confident match)
[2026-04-20T00:39:43.208956+00:00]   REMOVE: '24hr delay' (no confident match)
[2026-04-20T00:39:43.223218+00:00]   REMOVE: '24hr delay' (no confident match)
[2026-04-20T00:39:43.237155+00:00]   REMOVE: '20hr delay' (no confident match)
[2026-04-20T00:39:43.248750+00:00]   REMOVE: 'Canada' (no confident match)
[2026-04-20T00:39:43.250466+00:00]     ! Could not safely remove — leaving in place
[2026-04-20T00:39:43.267440+00:00]   REMOVE: '24hr delay' (no confident match)
[2026-04-20T00:39:43.281221+00:00]   REMOVE: 'Kazakhstan' (no confident match)
[2026-04-20T00:39:43.282936+00:00]     ! Could not safely remove — leaving in place
[2026-04-20T00:39:43.310250+00:00]   REMOVE: '24hr delay' (no confident match)
[2026-04-20T00:39:43.321281+00:00]   REMOVE: 'Brazil' (no confident match)
[2026-04-20T00:39:43.322943+00:00]     ! Could not safely remove — leaving in place
[2026-04-20T00:39:43.340494+00:00]   REMOVE: '24hr delay' (no confident match)
[2026-04-20T00:39:43.355444+00:00]   REMOVE: 'Azerbaijan' (no confident match)
[2026-04-20T00:39:43.357144+00:00]     ! Could not safely remove — leaving in place
[2026-04-20T00:39:43.370904+00:00]   REMOVE: '24hr delay' (no confident match)
[2026-04-20T00:39:43.385822+00:00]   REMOVE: 'Russia' (no confident match)
[2026-04-20T00:39:43.387591+00:00]     ! Could not safely remove — leaving in place
[2026-04-20T00:39:43.412572+00:00]   REMOVE: '24hr delay' (no confident match)
[2026-04-20T00:39:43.421840+00:00]   REMOVE: 'Iran' (no confident match)
[2026-04-20T00:39:43.423654+00:00]     ! Could not safely remove — leaving in place
[2026-04-20T00:39:43.437780+00:00]   REMOVE: '24hr delay' (no confident match)
[2026-04-20T00:39:43.448560+00:00]   REMOVE: 'Mexico' (no confident match)
[2026-04-20T00:39:43.450150+00:00]     ! Could not safely remove — leaving in place
[2026-04-20T00:39:43.464966+00:00]   REMOVE: '3 day delay' (no confident match)
[2026-04-20T00:39:43.481142+00:00]   REMOVE: 'Ecuador' (no confident match)
[2026-04-20T00:39:43.482931+00:00]     ! Could not safely remove — leaving in place
[2026-04-20T00:39:43.510109+00:00]   REMOVE: '24hr delay' (no confident match)
[2026-04-20T00:39:43.527640+00:00]   REMOVE: 'Saudi Arabia' (no confident match)
[2026-04-20T00:39:43.529210+00:00]     ! Could not safely remove — leaving in place
[2026-04-20T00:39:43.543165+00:00]   REMOVE: '24hr delay' (no confident match)
[2026-04-20T00:39:43.551589+00:00]   REMOVE: 'Iraq' (no confident match)
[2026-04-20T00:39:43.553060+00:00]     ! Could not safely remove — leaving in place
[2026-04-20T00:39:43.566302+00:00]   REMOVE: '24hr delay' (no confident match)
[2026-04-20T00:39:43.576259+00:00]   REMOVE: 'Qatar' (no confident match)
[2026-04-20T00:39:43.577783+00:00]     ! Could not safely remove — leaving in place
[2026-04-20T00:39:43.591847+00:00]   REMOVE: '24hr delay' (no confident match)
[2026-04-20T00:39:43.609291+00:00]   REMOVE: 'UAE' (no confident match)
[2026-04-20T00:39:43.610910+00:00]     ! Could not safely remove — leaving in place
[2026-04-20T00:39:43.624438+00:00]   REMOVE: '24hr delay' (no confident match)
[2026-04-20T00:39:43.636620+00:00]   REMOVE: 'Nigeria' (no confident match)
[2026-04-20T00:39:43.638109+00:00]     ! Could not safely remove — leaving in place
[2026-04-20T00:39:43.652338+00:00]   REMOVE: '24hr delay' (no confident match)
[2026-04-20T00:39:43.663693+00:00]   REMOVE: 'Angola' (no confident match)
[2026-04-20T00:39:43.665203+00:00]     ! Could not safely remove — leaving in place
[2026-04-20T00:39:43.679364+00:00]   REMOVE: '24hr delay' (no confident match)
[2026-04-20T00:39:43.703881+00:00]   REMOVE: 'Australia' (no confident match)
[2026-04-20T00:39:43.705368+00:00]     ! Could not safely remove — leaving in place
[2026-04-20T00:39:43.722375+00:00]   REMOVE: 'OPEC Members' (no confident match)
[2026-04-20T00:39:43.759030+00:00]   REMOVE: 'Reference prices — 1-24hr delay' (no confident match)
[2026-04-20T00:39:43.786726+00:00]   CORRECT: 'Other Futures & Indexes' → 'Futures & Indexes' (sequence_ratio=0.85)
[2026-04-20T00:39:43.830137+00:00]   REMOVE: 'LIVE — storage data via API' (no confident match)
[2026-04-20T00:39:43.861528+00:00]   REMOVE: 'Energy Storage & Inventory' (no confident match)
[2026-04-20T00:39:43.862979+00:00]     ! Could not safely remove — leaving in place
[2026-04-20T00:39:43.907290+00:00]   REMOVE: 'LIVE — currency rates via API' (no confident match)
[2026-04-20T00:39:43.916861+00:00]   REMOVE: 'Forex' (no confident match)
[2026-04-20T00:39:43.918280+00:00]     ! Could not safely remove — leaving in place
[2026-04-20T00:39:43.945250+00:00]   REMOVE: 'LIVE — updated via API' (no confident match)
[2026-04-20T00:39:43.972102+00:00]   REMOVE: 'Metals, Carbon & Other' (no confident match)
[2026-04-20T00:39:43.973680+00:00]     ! Could not safely remove — leaving in place
[2026-04-20T00:39:44.023525+00:00]   REMOVE: 'LIVE — global bunker fuel prices via API' (no confident match)
[2026-04-20T00:39:44.051368+00:00]   REMOVE: 'Marine Fuels / Bunker' (no confident match)
[2026-04-20T00:39:44.052854+00:00]     ! Could not safely remove — leaving in place
[2026-04-20T00:39:44.081425+00:00]   REMOVE: 'LIVE — updated via API' (no confident match)
[2026-04-20T00:39:44.110393+00:00]   REMOVE: 'Coal Markets' (no confident match)
[2026-04-20T00:39:44.111786+00:00]     ! Could not safely remove — leaving in place
[2026-04-20T00:39:44.151547+00:00]   REMOVE: 'LIVE — updated every 5 minutes via API' (no confident match)
[2026-04-20T00:39:44.174522+00:00]   REMOVE: 'Natural Gas & LNG' (no confident match)
[2026-04-20T00:39:44.175813+00:00]     ! Could not safely remove — leaving in place
[2026-04-20T00:39:44.224941+00:00]   REMOVE: 'LIVE — updated every 5 minutes via API' (no confident match)
[2026-04-20T00:39:44.245212+00:00]   REMOVE: 'Refined Products' (no confident match)
[2026-04-20T00:39:44.246552+00:00]     ! Could not safely remove — leaving in place
[2026-04-20T00:39:44.288094+00:00]   REMOVE: 'LIVE — updated every 5 minutes via API' (no confident match)
[2026-04-20T00:39:44.322179+00:00]   REMOVE: 'Crude Oil Benchmarks' (no confident match)
[2026-04-20T00:39:44.323609+00:00]     ! Could not safely remove — leaving in place
[2026-04-20T00:39:44.338746+00:00]   REMOVE: 'Suez Canal' (no confident match)
[2026-04-20T00:39:44.370758+00:00]   REMOVE: 'Pakistan Mediating as Talks Resume Next Week' (no confident match)
[2026-04-20T00:39:44.416818+00:00]   CORRECT: 'French UN Peacekeeper Killed, Macron Blames Hezbollah' → 'French UN Peacekeeper Killed in Lebanon, Macron Blames Hezbo' (sequence_ratio=0.91)
[2026-04-20T00:39:44.453045+00:00]   REMOVE: 'National Average Drops to $4.058' (no confident match)
[2026-04-20T00:39:44.487759+00:00]   REMOVE: 'Oil Volatile on Hormuz Reversal' (no confident match)
[2026-04-20T00:39:44.540398+00:00]   REMOVE: 'Trump Threatens to Let Ceasefire Expire Tuesday' (no confident match)
[2026-04-20T00:39:44.570718+00:00]   REMOVE: 'Iran Reverses Course, Closes Strait Again' (no confident match)
[2026-04-20T00:39:44.573651+00:00] [fix_dangling_refs] Backup written: /tmp/data.js.backup.20260420-003944
[2026-04-20T00:39:44.633470+00:00] [fix_dangling_refs] ✓ Done — 5 corrected, 34 removed, 23 unresolved
[2026-04-20T00:42:01.634933+00:00] [fix_dangling_refs] Loaded 332 known articles
[2026-04-20T00:42:01.642937+00:00] [fix_dangling_refs] No dangling references in article blocks — clean exit
[2026-04-20T00:42:18.510050+00:00] [fix_dangling_refs] Loaded 332 known articles
[2026-04-20T00:42:18.518798+00:00] [fix_dangling_refs] Found 1 dangling title(s) in article-ref blocks
[2026-04-20T00:42:18.574543+00:00]   CORRECT [FEATURED_ARTICLES]: 'Hormuz Close Agian: Iran Reverses Course as Trump ' → 'Hormuz Closed Again: Iran Reverses Course as Trump' (sequence_ratio=0.98)
[2026-04-20T00:42:18.578047+00:00] [fix_dangling_refs] Backup: /tmp/data.js.backup.20260420-004218
[2026-04-20T00:42:18.638855+00:00] [fix_dangling_refs] ✓ 1 corrected, 0 removed, 0 unresolved
[2026-04-20T00:42:32.161385+00:00] [fix_dangling_refs] Loaded 332 known articles
[2026-04-20T00:42:32.169962+00:00] [fix_dangling_refs] Found 1 dangling title(s) in article-ref blocks
[2026-04-20T00:42:32.238893+00:00]   REMOVE [BREAKING_NEWS]: 'Completely Fabricated Nonexistent Article About Qu' (no confident match)
[2026-04-20T00:42:32.241531+00:00] [fix_dangling_refs] Backup: /tmp/data.js.backup.20260420-004232
[2026-04-20T00:42:32.311174+00:00] [fix_dangling_refs] ✓ 0 corrected, 1 removed, 0 unresolved
[2026-04-22T08:26:16.602692+00:00] [fix_dangling_refs] Loaded 345 known articles
[2026-04-22T08:26:16.609650+00:00] [fix_dangling_refs] Found 10 dangling title(s) in article-ref blocks
[2026-04-22T08:26:16.660157+00:00]   REMOVE [GEO_ITEMS]: 'IRGC Threatens Oil Facilities in Neighboring Host ' (no confident match)
[2026-04-22T08:26:16.708530+00:00]   REMOVE [GEO_ITEMS]: 'Hezbollah Rocket Fire Breaches 10-Day Ceasefire wi' (no confident match)
[2026-04-22T08:26:16.762191+00:00]   REMOVE [GEO_ITEMS]: 'Vance Holds at White House as Iran Delays Delegati' (no confident match)
[2026-04-22T08:26:16.812332+00:00]   REMOVE [GEO_ITEMS]: 'Strait of Hormuz Remains Functionally Closed Despi' (no confident match)
[2026-04-22T08:26:16.860873+00:00]   REMOVE [GEO_ITEMS]: 'Trump Extends Iran Ceasefire Indefinitely on Truth' (no confident match)
[2026-04-22T08:26:16.912121+00:00]   CORRECT [FEATURED_ARTICLES]: 'Hezbollah Fires Rockets at Israeli Troops in South' → 'Hezbollah Fires Rockets at Israeli Troops in South' (sequence_ratio=0.85)
[2026-04-22T08:26:16.974568+00:00]   CORRECT [FEATURED_ARTICLES]: 'Trump Extends Iran Ceasefire Indefinitely, Citing ' → 'Trump Extends Iran Ceasefire Indefinitely, Citing ' (sequence_ratio=0.95)
[2026-04-22T08:26:17.030478+00:00]   REMOVE [BREAKING_NEWS]: 'WTI Settles +3% at $92.13, Brent +3% at $98.48 on ' (no confident match)
[2026-04-22T08:26:17.099734+00:00]   CORRECT [BREAKING_NEWS]: 'Iran's IRGC Threatens to Target Oil Facilities in ' → 'IRGC Threatens to Target Oil Facilities in Neighbo' (sequence_ratio=0.96)
[2026-04-22T08:26:17.161535+00:00]   CORRECT [BREAKING_NEWS]: 'Brent Spikes Above $100 Intraday Before Retreating' → 'Brent Touches $101 Intraday Before Retreating on C' (sequence_ratio=0.85)
[2026-04-22T08:26:17.162278+00:00] [fix_dangling_refs] Backup: /tmp/data.js.backup.20260422-082617
[2026-04-22T08:26:17.187989+00:00] [fix_dangling_refs] ✓ 4 corrected, 6 removed, 0 unresolved
[2026-04-23T08:29:52.800250+00:00] [fix_dangling_refs] Loaded 360 known articles
[2026-04-23T08:29:52.810478+00:00] [fix_dangling_refs] No dangling references in article blocks — clean exit
[2026-04-24T08:56:45.351421+00:00] [fix_dangling_refs] Loaded 364 known articles
[2026-04-24T08:56:45.357751+00:00] [fix_dangling_refs] No dangling references in article blocks — clean exit
[2026-04-25T08:01:07.805346+00:00] [fix_dangling_refs] Loaded 373 known articles
[2026-04-25T08:01:07.811946+00:00] [fix_dangling_refs] No dangling references in article blocks — clean exit
