[2026-04-19T16:04:08.905567+00:00] AAA fetch failed (expected on GitHub runners): HTTP Error 403: Forbidden
[2026-04-19T16:04:08.906332+00:00] EIA fallback skipped: no EIA_API_KEY set
[2026-04-19T16:04:08.907569+00:00] Both AAA and EIA failed; kept previous snapshot
[2026-04-22T05:39:51.396012+00:00] AAA page returned but parsed 0/4 grades
[2026-04-22T05:39:53.807401+00:00] OK: EIA regular=$4.044 diesel=$5.403
[2026-04-22T07:14:38.066456+00:00] AAA page returned but parsed 0/4 grades
[2026-04-22T07:14:41.607564+00:00] OK: EIA regular=$4.044 diesel=$5.403
[2026-04-22T09:00:28.560169+00:00] AAA page returned but parsed 0/4 grades
[2026-04-22T09:00:40.284459+00:00] OK: EIA regular=$4.044 diesel=$5.403
[2026-04-22T10:43:14.613546+00:00] AAA page returned but parsed 0/4 grades
[2026-04-22T10:43:18.000316+00:00] OK: EIA regular=$4.044 diesel=$5.403
[2026-04-22T11:46:02.568261+00:00] AAA page returned but parsed 0/4 grades
[2026-04-22T11:46:05.802974+00:00] OK: EIA regular=$4.044 diesel=$5.403
[2026-04-22T14:00:32.536317+00:00] AAA page returned but parsed 0/4 grades
[2026-04-22T14:00:46.518454+00:00] OK: EIA regular=$4.044 diesel=$5.403
[2026-04-22T15:42:24.396494+00:00] AAA page returned but parsed 0/4 grades
[2026-04-22T15:42:27.465756+00:00] OK: EIA regular=$4.044 diesel=$5.403
[2026-04-22T16:45:12.503575+00:00] AAA page returned but parsed 0/4 grades
[2026-04-22T16:45:15.065492+00:00] OK: EIA regular=$4.044 diesel=$5.403
[2026-04-22T17:46:49.492472+00:00] AAA page returned but parsed 0/4 grades
[2026-04-22T17:47:27.442283+00:00] EIA premium fetch failed: The read operation timed out
[2026-04-22T17:47:30.464100+00:00] EIA returned 3/4 grades
[2026-04-22T17:47:30.464430+00:00] Both AAA and EIA failed; kept previous snapshot
[2026-04-22T19:24:26.509254+00:00] AAA page returned but parsed 0/4 grades
[2026-04-22T19:24:31.403950+00:00] OK: EIA regular=$4.044 diesel=$5.403
[2026-04-22T20:31:31.291435+00:00] AAA page returned but parsed 0/4 grades
[2026-04-22T20:31:34.101162+00:00] OK: EIA regular=$4.044 diesel=$5.403
[2026-04-22T21:38:22.694726+00:00] AAA page returned but parsed 0/4 grades
[2026-04-22T21:38:26.308120+00:00] OK: EIA regular=$4.044 diesel=$5.403
[2026-04-22T22:33:48.378926+00:00] AAA page returned but parsed 0/4 grades
[2026-04-22T22:33:51.856127+00:00] OK: EIA regular=$4.044 diesel=$5.403
[2026-04-22T23:34:14.947140+00:00] AAA page returned but parsed 0/4 grades
[2026-04-22T23:34:17.520782+00:00] OK: EIA regular=$4.044 diesel=$5.403
[2026-04-23T01:14:15.864655+00:00] AAA page returned but parsed 0/4 grades
[2026-04-23T01:14:18.460033+00:00] OK: EIA regular=$4.044 diesel=$5.403
[2026-04-23T04:25:11.039193+00:00] AAA page returned but parsed 0/4 grades
[2026-04-23T04:25:13.752819+00:00] OK: EIA regular=$4.044 diesel=$5.403
[2026-04-23T06:25:41.685563+00:00] AAA page returned but parsed 0/4 grades
[2026-04-23T06:25:45.152115+00:00] OK: EIA regular=$4.044 diesel=$5.403
[2026-04-23T08:22:04.525902+00:00] AAA page returned but parsed 0/4 grades
[2026-04-23T08:22:08.237785+00:00] OK: EIA regular=$4.044 diesel=$5.403
[2026-04-23T10:07:27.232436+00:00] AAA page returned but parsed 0/4 grades
[2026-04-23T10:07:30.869268+00:00] OK: EIA regular=$4.044 diesel=$5.403
[2026-04-23T11:33:49.663805+00:00] AAA page returned but parsed 0/4 grades
[2026-04-23T11:33:52.794477+00:00] OK: EIA regular=$4.044 diesel=$5.403
[2026-04-23T12:46:28.806372+00:00] AAA page returned but parsed 0/4 grades
[2026-04-23T12:46:31.252428+00:00] OK: EIA regular=$4.044 diesel=$5.403
